2007.04.04 12:14 B R:\Sabrina\Marketing\Web site\web site\2007\ --> www.stcroixtreeservice.com /www 
2007.04.04 12:14 B R:\Sabrina\Marketing\Web site\web site\2007\R:\Sabrina\Marketing\Web site\web site\2007 --> www.stcroixtreeservice.com /www 2007
2007.04.04 12:22 B R:\Sabrina\Marketing\Web site\web site\2007\2007 web site --> www.stcroixtreeservice.com /www 2007 web site
2007.04.04 12:24 B R:\Sabrina\Marketing\Web site\web site\2007\2007 web site.pub <-- www.stcroixtreeservice.com /www 2007 web site.pub
2007.04.04 12:29 B R:\Sabrina\Marketing\Web site\web site\2007\application.pdf --> www.stcroixtreeservice.com /www/2007 application.pdf
2007.04.04 12:29 B R:\Sabrina\Marketing\Web site\web site\2007\B&B tree planting 2007.doc --> www.stcroixtreeservice.com /www/2007 B&B tree planting 2007.doc
2007.04.04 12:29 B R:\Sabrina\Marketing\Web site\web site\2007\back.gif --> www.stcroixtreeservice.com /www/2007 back.gif
2007.04.04 12:29 B R:\Sabrina\Marketing\Web site\web site\2007\blnk.gif --> www.stcroixtreeservice.com /www/2007 blnk.gif
2007.04.04 12:29 B R:\Sabrina\Marketing\Web site\web site\2007\CONTAINER TREE PLANTING 2007.doc --> www.stcroixtreeservice.com /www/2007 CONTAINER TREE PLANTING 2007.doc
2007.04.04 12:29 B R:\Sabrina\Marketing\Web site\web site\2007\img0.gif --> www.stcroixtreeservice.com /www/2007 img0.gif
2007.04.04 12:29 B R:\Sabrina\Marketing\Web site\web site\2007\img1.gif --> www.stcroixtreeservice.com /www/2007 img1.gif
2007.04.04 12:29 B R:\Sabrina\Marketing\Web site\web site\2007\img10.gif --> www.stcroixtreeservice.com /www/2007 img10.gif
2007.04.04 12:29 B R:\Sabrina\Marketing\Web site\web site\2007\img11.gif --> www.stcroixtreeservice.com /www/2007 img11.gif
2007.04.04 12:29 B R:\Sabrina\Marketing\Web site\web site\2007\img12.gif --> www.stcroixtreeservice.com /www/2007 img12.gif
2007.04.04 12:29 B R:\Sabrina\Marketing\Web site\web site\2007\img13.gif --> www.stcroixtreeservice.com /www/2007 img13.gif
2007.04.04 12:29 B R:\Sabrina\Marketing\Web site\web site\2007\img14.gif --> www.stcroixtreeservice.com /www/2007 img14.gif
2007.04.04 12:29 B R:\Sabrina\Marketing\Web site\web site\2007\img15.gif --> www.stcroixtreeservice.com /www/2007 img15.gif
2007.04.04 12:29 B R:\Sabrina\Marketing\Web site\web site\2007\img16.gif --> www.stcroixtreeservice.com /www/2007 img16.gif
2007.04.04 12:29 B R:\Sabrina\Marketing\Web site\web site\2007\img17.gif --> www.stcroixtreeservice.com /www/2007 img17.gif
2007.04.04 12:29 B R:\Sabrina\Marketing\Web site\web site\2007\img18.gif --> www.stcroixtreeservice.com /www/2007 img18.gif
2007.04.04 12:29 B R:\Sabrina\Marketing\Web site\web site\2007\img19.gif --> www.stcroixtreeservice.com /www/2007 img19.gif
2007.04.04 12:29 B R:\Sabrina\Marketing\Web site\web site\2007\img2.gif --> www.stcroixtreeservice.com /www/2007 img2.gif
2007.04.04 12:29 B R:\Sabrina\Marketing\Web site\web site\2007\img20.gif --> www.stcroixtreeservice.com /www/2007 img20.gif
2007.04.04 12:29 B R:\Sabrina\Marketing\Web site\web site\2007\img21.gif --> www.stcroixtreeservice.com /www/2007 img21.gif
2007.04.04 12:29 B R:\Sabrina\Marketing\Web site\web site\2007\img22.gif --> www.stcroixtreeservice.com /www/2007 img22.gif
2007.04.04 12:29 B R:\Sabrina\Marketing\Web site\web site\2007\img23.gif --> www.stcroixtreeservice.com /www/2007 img23.gif
2007.04.04 12:29 B R:\Sabrina\Marketing\Web site\web site\2007\img24.gif --> www.stcroixtreeservice.com /www/2007 img24.gif
2007.04.04 12:29 B R:\Sabrina\Marketing\Web site\web site\2007\img25.gif --> www.stcroixtreeservice.com /www/2007 img25.gif
2007.04.04 12:29 B R:\Sabrina\Marketing\Web site\web site\2007\img26.gif --> www.stcroixtreeservice.com /www/2007 img26.gif
2007.04.04 12:29 B R:\Sabrina\Marketing\Web site\web site\2007\img27.gif --> www.stcroixtreeservice.com /www/2007 img27.gif
2007.04.04 12:29 B R:\Sabrina\Marketing\Web site\web site\2007\img28.gif --> www.stcroixtreeservice.com /www/2007 img28.gif
2007.04.04 12:29 B R:\Sabrina\Marketing\Web site\web site\2007\img29.gif --> www.stcroixtreeservice.com /www/2007 img29.gif
2007.04.04 12:29 B R:\Sabrina\Marketing\Web site\web site\2007\img3.gif --> www.stcroixtreeservice.com /www/2007 img3.gif
2007.04.04 12:29 B R:\Sabrina\Marketing\Web site\web site\2007\img30.gif --> www.stcroixtreeservice.com /www/2007 img30.gif
2007.04.04 12:29 B R:\Sabrina\Marketing\Web site\web site\2007\img31.gif --> www.stcroixtreeservice.com /www/2007 img31.gif
2007.04.04 12:29 B R:\Sabrina\Marketing\Web site\web site\2007\img32.gif --> www.stcroixtreeservice.com /www/2007 img32.gif
2007.04.04 12:29 B R:\Sabrina\Marketing\Web site\web site\2007\img33.gif --> www.stcroixtreeservice.com /www/2007 img33.gif
2007.04.04 12:29 B R:\Sabrina\Marketing\Web site\web site\2007\img34.gif --> www.stcroixtreeservice.com /www/2007 img34.gif
2007.04.04 12:29 B R:\Sabrina\Marketing\Web site\web site\2007\img35.gif --> www.stcroixtreeservice.com /www/2007 img35.gif
2007.04.04 12:29 B R:\Sabrina\Marketing\Web site\web site\2007\img36.gif --> www.stcroixtreeservice.com /www/2007 img36.gif
2007.04.04 12:29 B R:\Sabrina\Marketing\Web site\web site\2007\img37.gif --> www.stcroixtreeservice.com /www/2007 img37.gif
2007.04.04 12:29 B R:\Sabrina\Marketing\Web site\web site\2007\img38.gif --> www.stcroixtreeservice.com /www/2007 img38.gif
2007.04.04 12:29 B R:\Sabrina\Marketing\Web site\web site\2007\img39.gif --> www.stcroixtreeservice.com /www/2007 img39.gif
2007.04.04 12:29 B R:\Sabrina\Marketing\Web site\web site\2007\img4.gif --> www.stcroixtreeservice.com /www/2007 img4.gif
2007.04.04 12:29 B R:\Sabrina\Marketing\Web site\web site\2007\img40.gif --> www.stcroixtreeservice.com /www/2007 img40.gif
2007.04.04 12:29 B R:\Sabrina\Marketing\Web site\web site\2007\img41.gif --> www.stcroixtreeservice.com /www/2007 img41.gif
2007.04.04 12:29 B R:\Sabrina\Marketing\Web site\web site\2007\img42.gif --> www.stcroixtreeservice.com /www/2007 img42.gif
2007.04.04 12:29 B R:\Sabrina\Marketing\Web site\web site\2007\img43.gif --> www.stcroixtreeservice.com /www/2007 img43.gif
2007.04.04 12:29 B R:\Sabrina\Marketing\Web site\web site\2007\img44.gif --> www.stcroixtreeservice.com /www/2007 img44.gif
2007.04.04 12:29 B R:\Sabrina\Marketing\Web site\web site\2007\img45.gif --> www.stcroixtreeservice.com /www/2007 img45.gif
2007.04.04 12:29 B R:\Sabrina\Marketing\Web site\web site\2007\img46.gif --> www.stcroixtreeservice.com /www/2007 img46.gif
2007.04.04 12:29 B R:\Sabrina\Marketing\Web site\web site\2007\img47.gif --> www.stcroixtreeservice.com /www/2007 img47.gif
2007.04.04 12:29 B R:\Sabrina\Marketing\Web site\web site\2007\img48.gif --> www.stcroixtreeservice.com /www/2007 img48.gif
2007.04.04 12:29 B R:\Sabrina\Marketing\Web site\web site\2007\img49.gif --> www.stcroixtreeservice.com /www/2007 img49.gif
2007.04.04 12:29 B R:\Sabrina\Marketing\Web site\web site\2007\img5.gif --> www.stcroixtreeservice.com /www/2007 img5.gif
2007.04.04 12:29 B R:\Sabrina\Marketing\Web site\web site\2007\img6.gif --> www.stcroixtreeservice.com /www/2007 img6.gif
2007.04.04 12:29 B R:\Sabrina\Marketing\Web site\web site\2007\img7.gif --> www.stcroixtreeservice.com /www/2007 img7.gif
2007.04.04 12:29 B R:\Sabrina\Marketing\Web site\web site\2007\img8.gif --> www.stcroixtreeservice.com /www/2007 img8.gif
2007.04.04 12:29 B R:\Sabrina\Marketing\Web site\web site\2007\img9.gif --> www.stcroixtreeservice.com /www/2007 img9.gif
2007.04.04 12:29 B R:\Sabrina\Marketing\Web site\web site\2007\index.html --> www.stcroixtreeservice.com /www/2007 index.html
2007.04.04 12:29 B R:\Sabrina\Marketing\Web site\web site\2007\on site transplanting.doc --> www.stcroixtreeservice.com /www/2007 on site transplanting.doc
2007.04.04 12:29 B R:\Sabrina\Marketing\Web site\web site\2007\page10.html --> www.stcroixtreeservice.com /www/2007 page10.html
2007.04.04 12:29 B R:\Sabrina\Marketing\Web site\web site\2007\page11.html --> www.stcroixtreeservice.com /www/2007 page11.html
2007.04.04 12:29 B R:\Sabrina\Marketing\Web site\web site\2007\page12.html --> www.stcroixtreeservice.com /www/2007 page12.html
2007.04.04 12:29 B R:\Sabrina\Marketing\Web site\web site\2007\page13.html --> www.stcroixtreeservice.com /www/2007 page13.html
2007.04.04 12:29 B R:\Sabrina\Marketing\Web site\web site\2007\page2.html --> www.stcroixtreeservice.com /www/2007 page2.html
2007.04.04 12:29 B R:\Sabrina\Marketing\Web site\web site\2007\page3.html --> www.stcroixtreeservice.com /www/2007 page3.html
2007.04.04 12:29 B R:\Sabrina\Marketing\Web site\web site\2007\page4.html --> www.stcroixtreeservice.com /www/2007 page4.html
2007.04.04 12:29 B R:\Sabrina\Marketing\Web site\web site\2007\page5.html --> www.stcroixtreeservice.com /www/2007 page5.html
2007.04.04 12:29 B R:\Sabrina\Marketing\Web site\web site\2007\page6.html --> www.stcroixtreeservice.com /www/2007 page6.html
2007.04.04 12:29 B R:\Sabrina\Marketing\Web site\web site\2007\page7.html --> www.stcroixtreeservice.com /www/2007 page7.html
2007.04.04 12:29 B R:\Sabrina\Marketing\Web site\web site\2007\page8.html --> www.stcroixtreeservice.com /www/2007 page8.html
2007.04.04 12:29 B R:\Sabrina\Marketing\Web site\web site\2007\page9.html --> www.stcroixtreeservice.com /www/2007 page9.html
2007.04.04 12:29 B R:\Sabrina\Marketing\Web site\web site\2007\Thumbs.db --> www.stcroixtreeservice.com /www/2007 Thumbs.db
2007.04.04 12:29 B R:\Sabrina\Marketing\Web site\web site\2007\tree spade planting 2007.doc --> www.stcroixtreeservice.com /www/2007 tree spade planting 2007.doc
2007.04.04 12:29 B R:\Sabrina\Marketing\Web site\web site\2007\WS_FTP.LOG --> www.stcroixtreeservice.com /www/2007 WS_FTP.LOG
2007.04.04 12:31 B R:\Sabrina\Marketing\Web site\web site\2007\ --> www.stcroixtreeservice.com /www 
2007.04.04 12:47 B R:\Sabrina\Marketing\Web site\web site\2007\application.pdf --> www.stcroixtreeservice.com /www application.pdf
2007.04.04 12:47 B R:\Sabrina\Marketing\Web site\web site\2007\B&B tree planting 2007.doc --> www.stcroixtreeservice.com /www B&B tree planting 2007.doc
2007.04.04 12:47 B R:\Sabrina\Marketing\Web site\web site\2007\back.gif --> www.stcroixtreeservice.com /www back.gif
2007.04.04 12:47 B R:\Sabrina\Marketing\Web site\web site\2007\blnk.gif --> www.stcroixtreeservice.com /www blnk.gif
2007.04.04 12:47 B R:\Sabrina\Marketing\Web site\web site\2007\CONTAINER TREE PLANTING 2007.doc --> www.stcroixtreeservice.com /www CONTAINER TREE PLANTING 2007.doc
2007.04.04 12:47 B R:\Sabrina\Marketing\Web site\web site\2007\img0.gif --> www.stcroixtreeservice.com /www img0.gif
2007.04.04 12:47 B R:\Sabrina\Marketing\Web site\web site\2007\img1.gif --> www.stcroixtreeservice.com /www img1.gif
2007.04.04 12:47 B R:\Sabrina\Marketing\Web site\web site\2007\img10.gif --> www.stcroixtreeservice.com /www img10.gif
2007.04.04 12:47 B R:\Sabrina\Marketing\Web site\web site\2007\img11.gif --> www.stcroixtreeservice.com /www img11.gif
2007.04.04 12:47 B R:\Sabrina\Marketing\Web site\web site\2007\img12.gif --> www.stcroixtreeservice.com /www img12.gif
2007.04.04 12:47 B R:\Sabrina\Marketing\Web site\web site\2007\img13.gif --> www.stcroixtreeservice.com /www img13.gif
2007.04.04 12:47 B R:\Sabrina\Marketing\Web site\web site\2007\img14.gif --> www.stcroixtreeservice.com /www img14.gif
2007.04.04 12:47 B R:\Sabrina\Marketing\Web site\web site\2007\img15.gif --> www.stcroixtreeservice.com /www img15.gif
2007.04.04 12:48 B R:\Sabrina\Marketing\Web site\web site\2007\img16.gif --> www.stcroixtreeservice.com /www img16.gif
2007.04.04 12:48 B R:\Sabrina\Marketing\Web site\web site\2007\img17.gif --> www.stcroixtreeservice.com /www img17.gif
2007.04.04 12:48 B R:\Sabrina\Marketing\Web site\web site\2007\img18.gif --> www.stcroixtreeservice.com /www img18.gif
2007.04.04 12:48 B R:\Sabrina\Marketing\Web site\web site\2007\img19.gif --> www.stcroixtreeservice.com /www img19.gif
2007.04.04 12:48 B R:\Sabrina\Marketing\Web site\web site\2007\img2.gif --> www.stcroixtreeservice.com /www img2.gif
2007.04.04 12:48 B R:\Sabrina\Marketing\Web site\web site\2007\img20.gif --> www.stcroixtreeservice.com /www img20.gif
2007.04.04 12:48 B R:\Sabrina\Marketing\Web site\web site\2007\img21.gif --> www.stcroixtreeservice.com /www img21.gif
2007.04.04 12:48 B R:\Sabrina\Marketing\Web site\web site\2007\img22.gif --> www.stcroixtreeservice.com /www img22.gif
2007.04.04 12:48 B R:\Sabrina\Marketing\Web site\web site\2007\img23.gif --> www.stcroixtreeservice.com /www img23.gif
2007.04.04 12:48 B R:\Sabrina\Marketing\Web site\web site\2007\img24.gif --> www.stcroixtreeservice.com /www img24.gif
2007.04.04 12:48 B R:\Sabrina\Marketing\Web site\web site\2007\img25.gif --> www.stcroixtreeservice.com /www img25.gif
2007.04.04 12:48 B R:\Sabrina\Marketing\Web site\web site\2007\img26.gif --> www.stcroixtreeservice.com /www img26.gif
2007.04.04 12:48 B R:\Sabrina\Marketing\Web site\web site\2007\img27.gif --> www.stcroixtreeservice.com /www img27.gif
2007.04.04 12:48 B R:\Sabrina\Marketing\Web site\web site\2007\img28.gif --> www.stcroixtreeservice.com /www img28.gif
2007.04.04 12:48 B R:\Sabrina\Marketing\Web site\web site\2007\img29.gif --> www.stcroixtreeservice.com /www img29.gif
2007.04.04 12:48 B R:\Sabrina\Marketing\Web site\web site\2007\img3.gif --> www.stcroixtreeservice.com /www img3.gif
2007.04.04 12:48 B R:\Sabrina\Marketing\Web site\web site\2007\img30.gif --> www.stcroixtreeservice.com /www img30.gif
2007.04.04 12:48 B R:\Sabrina\Marketing\Web site\web site\2007\img31.gif --> www.stcroixtreeservice.com /www img31.gif
2007.04.04 12:48 B R:\Sabrina\Marketing\Web site\web site\2007\img32.gif --> www.stcroixtreeservice.com /www img32.gif
2007.04.04 12:48 B R:\Sabrina\Marketing\Web site\web site\2007\img33.gif --> www.stcroixtreeservice.com /www img33.gif
2007.04.04 12:48 B R:\Sabrina\Marketing\Web site\web site\2007\img34.gif --> www.stcroixtreeservice.com /www img34.gif
2007.04.04 12:48 B R:\Sabrina\Marketing\Web site\web site\2007\img35.gif --> www.stcroixtreeservice.com /www img35.gif
2007.04.04 12:48 B R:\Sabrina\Marketing\Web site\web site\2007\img36.gif --> www.stcroixtreeservice.com /www img36.gif
2007.04.04 12:48 B R:\Sabrina\Marketing\Web site\web site\2007\img37.gif --> www.stcroixtreeservice.com /www img37.gif
2007.04.04 12:48 B R:\Sabrina\Marketing\Web site\web site\2007\img38.gif --> www.stcroixtreeservice.com /www img38.gif
2007.04.04 12:48 B R:\Sabrina\Marketing\Web site\web site\2007\img39.gif --> www.stcroixtreeservice.com /www img39.gif
2007.04.04 12:48 B R:\Sabrina\Marketing\Web site\web site\2007\img4.gif --> www.stcroixtreeservice.com /www img4.gif
2007.04.04 12:48 B R:\Sabrina\Marketing\Web site\web site\2007\img40.gif --> www.stcroixtreeservice.com /www img40.gif
2007.04.04 12:48 B R:\Sabrina\Marketing\Web site\web site\2007\img41.gif --> www.stcroixtreeservice.com /www img41.gif
2007.04.04 12:48 B R:\Sabrina\Marketing\Web site\web site\2007\img42.gif --> www.stcroixtreeservice.com /www img42.gif
2007.04.04 12:48 B R:\Sabrina\Marketing\Web site\web site\2007\img43.gif --> www.stcroixtreeservice.com /www img43.gif
2007.04.04 12:48 B R:\Sabrina\Marketing\Web site\web site\2007\img44.gif --> www.stcroixtreeservice.com /www img44.gif
2007.04.04 12:48 B R:\Sabrina\Marketing\Web site\web site\2007\img45.gif --> www.stcroixtreeservice.com /www img45.gif
2007.04.04 12:48 B R:\Sabrina\Marketing\Web site\web site\2007\img46.gif --> www.stcroixtreeservice.com /www img46.gif
2007.04.04 12:48 B R:\Sabrina\Marketing\Web site\web site\2007\img47.gif --> www.stcroixtreeservice.com /www img47.gif
2007.04.04 12:48 B R:\Sabrina\Marketing\Web site\web site\2007\img48.gif --> www.stcroixtreeservice.com /www img48.gif
2007.04.04 12:48 B R:\Sabrina\Marketing\Web site\web site\2007\img49.gif --> www.stcroixtreeservice.com /www img49.gif
2007.04.04 12:48 B R:\Sabrina\Marketing\Web site\web site\2007\img5.gif --> www.stcroixtreeservice.com /www img5.gif
2007.04.04 12:48 B R:\Sabrina\Marketing\Web site\web site\2007\img6.gif --> www.stcroixtreeservice.com /www img6.gif
2007.04.04 12:48 B R:\Sabrina\Marketing\Web site\web site\2007\img7.gif --> www.stcroixtreeservice.com /www img7.gif
2007.04.04 12:48 B R:\Sabrina\Marketing\Web site\web site\2007\img8.gif --> www.stcroixtreeservice.com /www img8.gif
2007.04.04 12:48 B R:\Sabrina\Marketing\Web site\web site\2007\img9.gif --> www.stcroixtreeservice.com /www img9.gif
2007.04.04 12:48 B R:\Sabrina\Marketing\Web site\web site\2007\index.html --> www.stcroixtreeservice.com /www index.html
2007.04.04 12:48 B R:\Sabrina\Marketing\Web site\web site\2007\on site transplanting.doc --> www.stcroixtreeservice.com /www on site transplanting.doc
2007.04.04 12:48 B R:\Sabrina\Marketing\Web site\web site\2007\page10.html --> www.stcroixtreeservice.com /www page10.html
2007.04.04 12:48 B R:\Sabrina\Marketing\Web site\web site\2007\page11.html --> www.stcroixtreeservice.com /www page11.html
2007.04.04 12:48 B R:\Sabrina\Marketing\Web site\web site\2007\page12.html --> www.stcroixtreeservice.com /www page12.html
2007.04.04 12:48 B R:\Sabrina\Marketing\Web site\web site\2007\page13.html --> www.stcroixtreeservice.com /www page13.html
2007.04.04 12:48 B R:\Sabrina\Marketing\Web site\web site\2007\page2.html --> www.stcroixtreeservice.com /www page2.html
2007.04.04 12:48 B R:\Sabrina\Marketing\Web site\web site\2007\page3.html --> www.stcroixtreeservice.com /www page3.html
2007.04.04 12:48 B R:\Sabrina\Marketing\Web site\web site\2007\page4.html --> www.stcroixtreeservice.com /www page4.html
2007.04.04 12:48 B R:\Sabrina\Marketing\Web site\web site\2007\page5.html --> www.stcroixtreeservice.com /www page5.html
2007.04.04 12:48 B R:\Sabrina\Marketing\Web site\web site\2007\page6.html --> www.stcroixtreeservice.com /www page6.html
2007.04.04 12:48 B R:\Sabrina\Marketing\Web site\web site\2007\page7.html --> www.stcroixtreeservice.com /www page7.html
2007.04.04 12:48 B R:\Sabrina\Marketing\Web site\web site\2007\page8.html --> www.stcroixtreeservice.com /www page8.html
2007.04.04 12:48 B R:\Sabrina\Marketing\Web site\web site\2007\page9.html --> www.stcroixtreeservice.com /www page9.html
2007.04.04 12:48 B R:\Sabrina\Marketing\Web site\web site\2007\Thumbs.db --> www.stcroixtreeservice.com /www Thumbs.db
2007.04.04 12:48 B R:\Sabrina\Marketing\Web site\web site\2007\tree spade planting 2007.doc --> www.stcroixtreeservice.com /www tree spade planting 2007.doc
2007.04.04 12:48 B R:\Sabrina\Marketing\Web site\web site\2007\WS_FTP.LOG --> www.stcroixtreeservice.com /www WS_FTP.LOG
2007.04.04 12:57 B R:\Sabrina\Marketing\Web site\web site\2007\application.pdf --> www.stcroixtreeservice.com /www application.pdf
2007.04.04 12:57 B R:\Sabrina\Marketing\Web site\web site\2007\B&B tree planting 2007.doc --> www.stcroixtreeservice.com /www B&B tree planting 2007.doc
2007.04.04 12:57 B R:\Sabrina\Marketing\Web site\web site\2007\back.gif --> www.stcroixtreeservice.com /www back.gif
2007.04.04 12:57 B R:\Sabrina\Marketing\Web site\web site\2007\blnk.gif --> www.stcroixtreeservice.com /www blnk.gif
2007.04.04 12:57 B R:\Sabrina\Marketing\Web site\web site\2007\CONTAINER TREE PLANTING 2007.doc --> www.stcroixtreeservice.com /www CONTAINER TREE PLANTING 2007.doc
2007.04.04 12:57 B R:\Sabrina\Marketing\Web site\web site\2007\img0.gif --> www.stcroixtreeservice.com /www img0.gif
2007.04.04 12:57 B R:\Sabrina\Marketing\Web site\web site\2007\img1.gif --> www.stcroixtreeservice.com /www img1.gif
2007.04.04 12:57 B R:\Sabrina\Marketing\Web site\web site\2007\img10.gif --> www.stcroixtreeservice.com /www img10.gif
2007.04.04 12:57 B R:\Sabrina\Marketing\Web site\web site\2007\img11.gif --> www.stcroixtreeservice.com /www img11.gif
2007.04.04 12:57 B R:\Sabrina\Marketing\Web site\web site\2007\img12.gif --> www.stcroixtreeservice.com /www img12.gif
2007.04.04 12:57 B R:\Sabrina\Marketing\Web site\web site\2007\img13.gif --> www.stcroixtreeservice.com /www img13.gif
2007.04.04 12:57 B R:\Sabrina\Marketing\Web site\web site\2007\img14.gif --> www.stcroixtreeservice.com /www img14.gif
2007.04.04 12:57 B R:\Sabrina\Marketing\Web site\web site\2007\img15.gif --> www.stcroixtreeservice.com /www img15.gif
2007.04.04 12:57 B R:\Sabrina\Marketing\Web site\web site\2007\img16.gif --> www.stcroixtreeservice.com /www img16.gif
2007.04.04 12:57 B R:\Sabrina\Marketing\Web site\web site\2007\img17.gif --> www.stcroixtreeservice.com /www img17.gif
2007.04.04 12:57 B R:\Sabrina\Marketing\Web site\web site\2007\img18.gif --> www.stcroixtreeservice.com /www img18.gif
2007.04.04 12:57 B R:\Sabrina\Marketing\Web site\web site\2007\img19.gif --> www.stcroixtreeservice.com /www img19.gif
2007.04.04 12:57 B R:\Sabrina\Marketing\Web site\web site\2007\img2.gif --> www.stcroixtreeservice.com /www img2.gif
2007.04.04 12:57 B R:\Sabrina\Marketing\Web site\web site\2007\img20.gif --> www.stcroixtreeservice.com /www img20.gif
2007.04.04 12:57 B R:\Sabrina\Marketing\Web site\web site\2007\img21.gif --> www.stcroixtreeservice.com /www img21.gif
2007.04.04 12:57 B R:\Sabrina\Marketing\Web site\web site\2007\img22.gif --> www.stcroixtreeservice.com /www img22.gif
2007.04.04 12:57 B R:\Sabrina\Marketing\Web site\web site\2007\img23.gif --> www.stcroixtreeservice.com /www img23.gif
2007.04.04 12:57 B R:\Sabrina\Marketing\Web site\web site\2007\img24.gif --> www.stcroixtreeservice.com /www img24.gif
2007.04.04 12:57 B R:\Sabrina\Marketing\Web site\web site\2007\img25.gif --> www.stcroixtreeservice.com /www img25.gif
2007.04.04 12:57 B R:\Sabrina\Marketing\Web site\web site\2007\img26.gif --> www.stcroixtreeservice.com /www img26.gif
2007.04.04 12:57 B R:\Sabrina\Marketing\Web site\web site\2007\img27.gif --> www.stcroixtreeservice.com /www img27.gif
2007.04.04 12:57 B R:\Sabrina\Marketing\Web site\web site\2007\img28.gif --> www.stcroixtreeservice.com /www img28.gif
2007.04.04 12:57 B R:\Sabrina\Marketing\Web site\web site\2007\img29.gif --> www.stcroixtreeservice.com /www img29.gif
2007.04.04 12:57 B R:\Sabrina\Marketing\Web site\web site\2007\img3.gif --> www.stcroixtreeservice.com /www img3.gif
2007.04.04 12:57 B R:\Sabrina\Marketing\Web site\web site\2007\img30.gif --> www.stcroixtreeservice.com /www img30.gif
2007.04.04 12:57 B R:\Sabrina\Marketing\Web site\web site\2007\img31.gif --> www.stcroixtreeservice.com /www img31.gif
2007.04.04 12:57 B R:\Sabrina\Marketing\Web site\web site\2007\img32.gif --> www.stcroixtreeservice.com /www img32.gif
2007.04.04 12:57 B R:\Sabrina\Marketing\Web site\web site\2007\img33.gif --> www.stcroixtreeservice.com /www img33.gif
2007.04.04 12:57 B R:\Sabrina\Marketing\Web site\web site\2007\img34.gif --> www.stcroixtreeservice.com /www img34.gif
2007.04.04 12:57 B R:\Sabrina\Marketing\Web site\web site\2007\img35.gif --> www.stcroixtreeservice.com /www img35.gif
2007.04.04 12:57 B R:\Sabrina\Marketing\Web site\web site\2007\img36.gif --> www.stcroixtreeservice.com /www img36.gif
2007.04.04 12:57 B R:\Sabrina\Marketing\Web site\web site\2007\img37.gif --> www.stcroixtreeservice.com /www img37.gif
2007.04.04 12:57 B R:\Sabrina\Marketing\Web site\web site\2007\img38.gif --> www.stcroixtreeservice.com /www img38.gif
2007.04.04 12:57 B R:\Sabrina\Marketing\Web site\web site\2007\img39.gif --> www.stcroixtreeservice.com /www img39.gif
2007.04.04 12:57 B R:\Sabrina\Marketing\Web site\web site\2007\img4.gif --> www.stcroixtreeservice.com /www img4.gif
2007.04.04 12:57 B R:\Sabrina\Marketing\Web site\web site\2007\img40.gif --> www.stcroixtreeservice.com /www img40.gif
2007.04.04 12:57 B R:\Sabrina\Marketing\Web site\web site\2007\img41.gif --> www.stcroixtreeservice.com /www img41.gif
2007.04.04 12:57 B R:\Sabrina\Marketing\Web site\web site\2007\img42.gif --> www.stcroixtreeservice.com /www img42.gif
2007.04.04 12:57 B R:\Sabrina\Marketing\Web site\web site\2007\img43.gif --> www.stcroixtreeservice.com /www img43.gif
2007.04.04 12:57 B R:\Sabrina\Marketing\Web site\web site\2007\img44.gif --> www.stcroixtreeservice.com /www img44.gif
2007.04.04 12:57 B R:\Sabrina\Marketing\Web site\web site\2007\img45.gif --> www.stcroixtreeservice.com /www img45.gif
2007.04.04 12:57 B R:\Sabrina\Marketing\Web site\web site\2007\img46.gif --> www.stcroixtreeservice.com /www img46.gif
2007.04.04 12:57 B R:\Sabrina\Marketing\Web site\web site\2007\img47.gif --> www.stcroixtreeservice.com /www img47.gif
2007.04.04 12:57 B R:\Sabrina\Marketing\Web site\web site\2007\img48.gif --> www.stcroixtreeservice.com /www img48.gif
2007.04.04 12:58 B R:\Sabrina\Marketing\Web site\web site\2007\img49.gif --> www.stcroixtreeservice.com /www img49.gif
2007.04.04 12:58 B R:\Sabrina\Marketing\Web site\web site\2007\img5.gif --> www.stcroixtreeservice.com /www img5.gif
2007.04.04 12:58 B R:\Sabrina\Marketing\Web site\web site\2007\img6.gif --> www.stcroixtreeservice.com /www img6.gif
2007.04.04 12:58 B R:\Sabrina\Marketing\Web site\web site\2007\img7.gif --> www.stcroixtreeservice.com /www img7.gif
2007.04.04 12:58 B R:\Sabrina\Marketing\Web site\web site\2007\img8.gif --> www.stcroixtreeservice.com /www img8.gif
2007.04.04 12:58 B R:\Sabrina\Marketing\Web site\web site\2007\img9.gif --> www.stcroixtreeservice.com /www img9.gif
2007.04.04 12:58 B R:\Sabrina\Marketing\Web site\web site\2007\index.html --> www.stcroixtreeservice.com /www index.html
2007.04.04 12:58 B R:\Sabrina\Marketing\Web site\web site\2007\on site transplanting.doc --> www.stcroixtreeservice.com /www on site transplanting.doc
2007.04.04 12:58 B R:\Sabrina\Marketing\Web site\web site\2007\page10.html --> www.stcroixtreeservice.com /www page10.html
2007.04.04 12:58 B R:\Sabrina\Marketing\Web site\web site\2007\page11.html --> www.stcroixtreeservice.com /www page11.html
2007.04.04 12:58 B R:\Sabrina\Marketing\Web site\web site\2007\page12.html --> www.stcroixtreeservice.com /www page12.html
2007.04.04 12:58 B R:\Sabrina\Marketing\Web site\web site\2007\page13.html --> www.stcroixtreeservice.com /www page13.html
2007.04.04 12:58 B R:\Sabrina\Marketing\Web site\web site\2007\page2.html --> www.stcroixtreeservice.com /www page2.html
2007.04.04 12:58 B R:\Sabrina\Marketing\Web site\web site\2007\page3.html --> www.stcroixtreeservice.com /www page3.html
2007.04.04 12:58 B R:\Sabrina\Marketing\Web site\web site\2007\page4.html --> www.stcroixtreeservice.com /www page4.html
2007.04.04 12:58 B R:\Sabrina\Marketing\Web site\web site\2007\page5.html --> www.stcroixtreeservice.com /www page5.html
2007.04.04 12:58 B R:\Sabrina\Marketing\Web site\web site\2007\page6.html --> www.stcroixtreeservice.com /www page6.html
2007.04.04 12:58 B R:\Sabrina\Marketing\Web site\web site\2007\page7.html --> www.stcroixtreeservice.com /www page7.html
2007.04.04 12:58 B R:\Sabrina\Marketing\Web site\web site\2007\page8.html --> www.stcroixtreeservice.com /www page8.html
2007.04.04 12:58 B R:\Sabrina\Marketing\Web site\web site\2007\page9.html --> www.stcroixtreeservice.com /www page9.html
2007.04.04 12:58 B R:\Sabrina\Marketing\Web site\web site\2007\Thumbs.db --> www.stcroixtreeservice.com /www Thumbs.db
2007.04.04 12:58 B R:\Sabrina\Marketing\Web site\web site\2007\tree spade planting 2007.doc --> www.stcroixtreeservice.com /www tree spade planting 2007.doc
2007.04.04 12:58 B R:\Sabrina\Marketing\Web site\web site\2007\WS_FTP.LOG --> www.stcroixtreeservice.com /www WS_FTP.LOG
2007.04.04 13:01 B R:\Sabrina\Marketing\Web site\web site\2007\application.pdf --> www.stcroixtreeservice.com /www application.pdf
2007.04.04 13:01 B R:\Sabrina\Marketing\Web site\web site\2007\B&B tree planting 2007.doc --> www.stcroixtreeservice.com /www B&B tree planting 2007.doc
2007.04.04 13:01 B R:\Sabrina\Marketing\Web site\web site\2007\back.gif --> www.stcroixtreeservice.com /www back.gif
2007.04.04 13:01 B R:\Sabrina\Marketing\Web site\web site\2007\blnk.gif --> www.stcroixtreeservice.com /www blnk.gif
2007.04.04 13:01 B R:\Sabrina\Marketing\Web site\web site\2007\CONTAINER TREE PLANTING 2007.doc --> www.stcroixtreeservice.com /www CONTAINER TREE PLANTING 2007.doc
2007.04.04 13:01 B R:\Sabrina\Marketing\Web site\web site\2007\img0.gif --> www.stcroixtreeservice.com /www img0.gif
2007.04.04 13:01 B R:\Sabrina\Marketing\Web site\web site\2007\img1.gif --> www.stcroixtreeservice.com /www img1.gif
2007.04.04 13:01 B R:\Sabrina\Marketing\Web site\web site\2007\img10.gif --> www.stcroixtreeservice.com /www img10.gif
2007.04.04 13:01 B R:\Sabrina\Marketing\Web site\web site\2007\img11.gif --> www.stcroixtreeservice.com /www img11.gif
2007.04.04 13:01 B R:\Sabrina\Marketing\Web site\web site\2007\img12.gif --> www.stcroixtreeservice.com /www img12.gif
2007.04.04 13:01 B R:\Sabrina\Marketing\Web site\web site\2007\img13.gif --> www.stcroixtreeservice.com /www img13.gif
2007.04.04 13:01 B R:\Sabrina\Marketing\Web site\web site\2007\img14.gif --> www.stcroixtreeservice.com /www img14.gif
2007.04.04 13:01 B R:\Sabrina\Marketing\Web site\web site\2007\img15.gif --> www.stcroixtreeservice.com /www img15.gif
2007.04.04 13:01 B R:\Sabrina\Marketing\Web site\web site\2007\img16.gif --> www.stcroixtreeservice.com /www img16.gif
2007.04.04 13:01 B R:\Sabrina\Marketing\Web site\web site\2007\img17.gif --> www.stcroixtreeservice.com /www img17.gif
2007.04.04 13:01 B R:\Sabrina\Marketing\Web site\web site\2007\img18.gif --> www.stcroixtreeservice.com /www img18.gif
2007.04.04 13:01 B R:\Sabrina\Marketing\Web site\web site\2007\img19.gif --> www.stcroixtreeservice.com /www img19.gif
2007.04.04 13:01 B R:\Sabrina\Marketing\Web site\web site\2007\img2.gif --> www.stcroixtreeservice.com /www img2.gif
2007.04.04 13:01 B R:\Sabrina\Marketing\Web site\web site\2007\img20.gif --> www.stcroixtreeservice.com /www img20.gif
2007.04.04 13:01 B R:\Sabrina\Marketing\Web site\web site\2007\img21.gif --> www.stcroixtreeservice.com /www img21.gif
2007.04.04 13:01 B R:\Sabrina\Marketing\Web site\web site\2007\img22.gif --> www.stcroixtreeservice.com /www img22.gif
2007.04.04 13:01 B R:\Sabrina\Marketing\Web site\web site\2007\img23.gif --> www.stcroixtreeservice.com /www img23.gif
2007.04.04 13:01 B R:\Sabrina\Marketing\Web site\web site\2007\img24.gif --> www.stcroixtreeservice.com /www img24.gif
2007.04.04 13:01 B R:\Sabrina\Marketing\Web site\web site\2007\img25.gif --> www.stcroixtreeservice.com /www img25.gif
2007.04.04 13:01 B R:\Sabrina\Marketing\Web site\web site\2007\img26.gif --> www.stcroixtreeservice.com /www img26.gif
2007.04.04 13:01 B R:\Sabrina\Marketing\Web site\web site\2007\img27.gif --> www.stcroixtreeservice.com /www img27.gif
2007.04.04 13:01 B R:\Sabrina\Marketing\Web site\web site\2007\img28.gif --> www.stcroixtreeservice.com /www img28.gif
2007.04.04 13:01 B R:\Sabrina\Marketing\Web site\web site\2007\img29.gif --> www.stcroixtreeservice.com /www img29.gif
2007.04.04 13:01 B R:\Sabrina\Marketing\Web site\web site\2007\img3.gif --> www.stcroixtreeservice.com /www img3.gif
2007.04.04 13:01 B R:\Sabrina\Marketing\Web site\web site\2007\img30.gif --> www.stcroixtreeservice.com /www img30.gif
2007.04.04 13:01 B R:\Sabrina\Marketing\Web site\web site\2007\img31.gif --> www.stcroixtreeservice.com /www img31.gif
2007.04.04 13:01 B R:\Sabrina\Marketing\Web site\web site\2007\img32.gif --> www.stcroixtreeservice.com /www img32.gif
2007.04.04 13:01 B R:\Sabrina\Marketing\Web site\web site\2007\img33.gif --> www.stcroixtreeservice.com /www img33.gif
2007.04.04 13:01 B R:\Sabrina\Marketing\Web site\web site\2007\img34.gif --> www.stcroixtreeservice.com /www img34.gif
2007.04.04 13:01 B R:\Sabrina\Marketing\Web site\web site\2007\img35.gif --> www.stcroixtreeservice.com /www img35.gif
2007.04.04 13:01 B R:\Sabrina\Marketing\Web site\web site\2007\img36.gif --> www.stcroixtreeservice.com /www img36.gif
2007.04.04 13:01 B R:\Sabrina\Marketing\Web site\web site\2007\img37.gif --> www.stcroixtreeservice.com /www img37.gif
2007.04.04 13:01 B R:\Sabrina\Marketing\Web site\web site\2007\img38.gif --> www.stcroixtreeservice.com /www img38.gif
2007.04.04 13:01 B R:\Sabrina\Marketing\Web site\web site\2007\img39.gif --> www.stcroixtreeservice.com /www img39.gif
2007.04.04 13:01 B R:\Sabrina\Marketing\Web site\web site\2007\img4.gif --> www.stcroixtreeservice.com /www img4.gif
2007.04.04 13:01 B R:\Sabrina\Marketing\Web site\web site\2007\img40.gif --> www.stcroixtreeservice.com /www img40.gif
2007.04.04 13:01 B R:\Sabrina\Marketing\Web site\web site\2007\img41.gif --> www.stcroixtreeservice.com /www img41.gif
2007.04.04 13:01 B R:\Sabrina\Marketing\Web site\web site\2007\img42.gif --> www.stcroixtreeservice.com /www img42.gif
2007.04.04 13:01 B R:\Sabrina\Marketing\Web site\web site\2007\img43.gif --> www.stcroixtreeservice.com /www img43.gif
2007.04.04 13:01 B R:\Sabrina\Marketing\Web site\web site\2007\img44.gif --> www.stcroixtreeservice.com /www img44.gif
2007.04.04 13:01 B R:\Sabrina\Marketing\Web site\web site\2007\img45.gif --> www.stcroixtreeservice.com /www img45.gif
2007.04.04 13:01 B R:\Sabrina\Marketing\Web site\web site\2007\img46.gif --> www.stcroixtreeservice.com /www img46.gif
2007.04.04 13:01 B R:\Sabrina\Marketing\Web site\web site\2007\img47.gif --> www.stcroixtreeservice.com /www img47.gif
2007.04.04 13:01 B R:\Sabrina\Marketing\Web site\web site\2007\img48.gif --> www.stcroixtreeservice.com /www img48.gif
2007.04.04 13:01 B R:\Sabrina\Marketing\Web site\web site\2007\img49.gif --> www.stcroixtreeservice.com /www img49.gif
2007.04.04 13:01 B R:\Sabrina\Marketing\Web site\web site\2007\img5.gif --> www.stcroixtreeservice.com /www img5.gif
2007.04.04 13:01 B R:\Sabrina\Marketing\Web site\web site\2007\img6.gif --> www.stcroixtreeservice.com /www img6.gif
2007.04.04 13:02 B R:\Sabrina\Marketing\Web site\web site\2007\img7.gif --> www.stcroixtreeservice.com /www img7.gif
2007.04.04 13:02 B R:\Sabrina\Marketing\Web site\web site\2007\img8.gif --> www.stcroixtreeservice.com /www img8.gif
2007.04.04 13:02 B R:\Sabrina\Marketing\Web site\web site\2007\img9.gif --> www.stcroixtreeservice.com /www img9.gif
2007.04.04 13:02 B R:\Sabrina\Marketing\Web site\web site\2007\index.html --> www.stcroixtreeservice.com /www index.html
2007.04.04 13:02 B R:\Sabrina\Marketing\Web site\web site\2007\on site transplanting.doc --> www.stcroixtreeservice.com /www on site transplanting.doc
2007.04.04 13:02 B R:\Sabrina\Marketing\Web site\web site\2007\page10.html --> www.stcroixtreeservice.com /www page10.html
2007.04.04 13:02 B R:\Sabrina\Marketing\Web site\web site\2007\page11.html --> www.stcroixtreeservice.com /www page11.html
2007.04.04 13:02 B R:\Sabrina\Marketing\Web site\web site\2007\page12.html --> www.stcroixtreeservice.com /www page12.html
2007.04.04 13:02 B R:\Sabrina\Marketing\Web site\web site\2007\page13.html --> www.stcroixtreeservice.com /www page13.html
2007.04.04 13:02 B R:\Sabrina\Marketing\Web site\web site\2007\page2.html --> www.stcroixtreeservice.com /www page2.html
2007.04.04 13:02 B R:\Sabrina\Marketing\Web site\web site\2007\page3.html --> www.stcroixtreeservice.com /www page3.html
2007.04.04 13:02 B R:\Sabrina\Marketing\Web site\web site\2007\page4.html --> www.stcroixtreeservice.com /www page4.html
2007.04.04 13:02 B R:\Sabrina\Marketing\Web site\web site\2007\page5.html --> www.stcroixtreeservice.com /www page5.html
2007.04.04 13:02 B R:\Sabrina\Marketing\Web site\web site\2007\page6.html --> www.stcroixtreeservice.com /www page6.html
2007.04.04 13:02 B R:\Sabrina\Marketing\Web site\web site\2007\page7.html --> www.stcroixtreeservice.com /www page7.html
2007.04.04 13:02 B R:\Sabrina\Marketing\Web site\web site\2007\page8.html --> www.stcroixtreeservice.com /www page8.html
2007.04.04 13:02 B R:\Sabrina\Marketing\Web site\web site\2007\page9.html --> www.stcroixtreeservice.com /www page9.html
2007.04.04 13:02 B R:\Sabrina\Marketing\Web site\web site\2007\Thumbs.db --> www.stcroixtreeservice.com /www Thumbs.db
2007.04.04 13:02 B R:\Sabrina\Marketing\Web site\web site\2007\tree spade planting 2007.doc --> www.stcroixtreeservice.com /www tree spade planting 2007.doc
2007.04.04 13:02 B R:\Sabrina\Marketing\Web site\web site\2007\WS_FTP.LOG --> www.stcroixtreeservice.com /www WS_FTP.LOG
2007.04.09 10:30 B R:\Sabrina\Marketing\Web site\web site\2007\application.pdf --> www.stcroixtreeservice.com /www application.pdf
2007.04.09 10:30 B R:\Sabrina\Marketing\Web site\web site\2007\B&B tree planting 2007.doc --> www.stcroixtreeservice.com /www B&B tree planting 2007.doc
2007.04.09 10:30 B R:\Sabrina\Marketing\Web site\web site\2007\back.gif --> www.stcroixtreeservice.com /www back.gif
2007.04.09 10:30 B R:\Sabrina\Marketing\Web site\web site\2007\blnk.gif --> www.stcroixtreeservice.com /www blnk.gif
2007.04.09 10:30 B R:\Sabrina\Marketing\Web site\web site\2007\CONTAINER TREE PLANTING 2007.doc --> www.stcroixtreeservice.com /www CONTAINER TREE PLANTING 2007.doc
2007.04.09 10:30 B R:\Sabrina\Marketing\Web site\web site\2007\img0.gif --> www.stcroixtreeservice.com /www img0.gif
2007.04.09 10:30 B R:\Sabrina\Marketing\Web site\web site\2007\img1.gif --> www.stcroixtreeservice.com /www img1.gif
2007.04.09 10:30 B R:\Sabrina\Marketing\Web site\web site\2007\img10.gif --> www.stcroixtreeservice.com /www img10.gif
2007.04.09 10:30 B R:\Sabrina\Marketing\Web site\web site\2007\img11.gif --> www.stcroixtreeservice.com /www img11.gif
2007.04.09 10:30 B R:\Sabrina\Marketing\Web site\web site\2007\img12.gif --> www.stcroixtreeservice.com /www img12.gif
2007.04.09 10:30 B R:\Sabrina\Marketing\Web site\web site\2007\img13.gif --> www.stcroixtreeservice.com /www img13.gif
2007.04.09 10:30 B R:\Sabrina\Marketing\Web site\web site\2007\img14.gif --> www.stcroixtreeservice.com /www img14.gif
2007.04.09 10:30 B R:\Sabrina\Marketing\Web site\web site\2007\img15.gif --> www.stcroixtreeservice.com /www img15.gif
2007.04.09 10:30 B R:\Sabrina\Marketing\Web site\web site\2007\img16.gif --> www.stcroixtreeservice.com /www img16.gif
2007.04.09 10:30 B R:\Sabrina\Marketing\Web site\web site\2007\img17.gif --> www.stcroixtreeservice.com /www img17.gif
2007.04.09 10:30 B R:\Sabrina\Marketing\Web site\web site\2007\img18.gif --> www.stcroixtreeservice.com /www img18.gif
2007.04.09 10:30 B R:\Sabrina\Marketing\Web site\web site\2007\img19.gif --> www.stcroixtreeservice.com /www img19.gif
2007.04.09 10:30 B R:\Sabrina\Marketing\Web site\web site\2007\img2.gif --> www.stcroixtreeservice.com /www img2.gif
2007.04.09 10:30 B R:\Sabrina\Marketing\Web site\web site\2007\img20.gif --> www.stcroixtreeservice.com /www img20.gif
2007.04.09 10:30 B R:\Sabrina\Marketing\Web site\web site\2007\img21.gif --> www.stcroixtreeservice.com /www img21.gif
2007.04.09 10:30 B R:\Sabrina\Marketing\Web site\web site\2007\img22.gif --> www.stcroixtreeservice.com /www img22.gif
2007.04.09 10:30 B R:\Sabrina\Marketing\Web site\web site\2007\img23.gif --> www.stcroixtreeservice.com /www img23.gif
2007.04.09 10:30 B R:\Sabrina\Marketing\Web site\web site\2007\img24.gif --> www.stcroixtreeservice.com /www img24.gif
2007.04.09 10:30 B R:\Sabrina\Marketing\Web site\web site\2007\img25.gif --> www.stcroixtreeservice.com /www img25.gif
2007.04.09 10:30 B R:\Sabrina\Marketing\Web site\web site\2007\img26.gif --> www.stcroixtreeservice.com /www img26.gif
2007.04.09 10:30 B R:\Sabrina\Marketing\Web site\web site\2007\img27.gif --> www.stcroixtreeservice.com /www img27.gif
2007.04.09 10:30 B R:\Sabrina\Marketing\Web site\web site\2007\img28.gif --> www.stcroixtreeservice.com /www img28.gif
2007.04.09 10:30 B R:\Sabrina\Marketing\Web site\web site\2007\img29.gif --> www.stcroixtreeservice.com /www img29.gif
2007.04.09 10:30 B R:\Sabrina\Marketing\Web site\web site\2007\img3.gif --> www.stcroixtreeservice.com /www img3.gif
2007.04.09 10:30 B R:\Sabrina\Marketing\Web site\web site\2007\img30.gif --> www.stcroixtreeservice.com /www img30.gif
2007.04.09 10:30 B R:\Sabrina\Marketing\Web site\web site\2007\img31.gif --> www.stcroixtreeservice.com /www img31.gif
2007.04.09 10:30 B R:\Sabrina\Marketing\Web site\web site\2007\img32.gif --> www.stcroixtreeservice.com /www img32.gif
2007.04.09 10:30 B R:\Sabrina\Marketing\Web site\web site\2007\img33.gif --> www.stcroixtreeservice.com /www img33.gif
2007.04.09 10:30 B R:\Sabrina\Marketing\Web site\web site\2007\img34.gif --> www.stcroixtreeservice.com /www img34.gif
2007.04.09 10:30 B R:\Sabrina\Marketing\Web site\web site\2007\img35.gif --> www.stcroixtreeservice.com /www img35.gif
2007.04.09 10:30 B R:\Sabrina\Marketing\Web site\web site\2007\img36.gif --> www.stcroixtreeservice.com /www img36.gif
2007.04.09 10:30 B R:\Sabrina\Marketing\Web site\web site\2007\img37.gif --> www.stcroixtreeservice.com /www img37.gif
2007.04.09 10:30 B R:\Sabrina\Marketing\Web site\web site\2007\img38.gif --> www.stcroixtreeservice.com /www img38.gif
2007.04.09 10:30 B R:\Sabrina\Marketing\Web site\web site\2007\img39.gif --> www.stcroixtreeservice.com /www img39.gif
2007.04.09 10:30 B R:\Sabrina\Marketing\Web site\web site\2007\img4.gif --> www.stcroixtreeservice.com /www img4.gif
2007.04.09 10:30 B R:\Sabrina\Marketing\Web site\web site\2007\img40.gif --> www.stcroixtreeservice.com /www img40.gif
2007.04.09 10:30 B R:\Sabrina\Marketing\Web site\web site\2007\img41.gif --> www.stcroixtreeservice.com /www img41.gif
2007.04.09 10:30 B R:\Sabrina\Marketing\Web site\web site\2007\img42.gif --> www.stcroixtreeservice.com /www img42.gif
2007.04.09 10:30 B R:\Sabrina\Marketing\Web site\web site\2007\img43.gif --> www.stcroixtreeservice.com /www img43.gif
2007.04.09 10:30 B R:\Sabrina\Marketing\Web site\web site\2007\img44.gif --> www.stcroixtreeservice.com /www img44.gif
2007.04.09 10:30 B R:\Sabrina\Marketing\Web site\web site\2007\img45.gif --> www.stcroixtreeservice.com /www img45.gif
2007.04.09 10:30 B R:\Sabrina\Marketing\Web site\web site\2007\img46.gif --> www.stcroixtreeservice.com /www img46.gif
2007.04.09 10:30 B R:\Sabrina\Marketing\Web site\web site\2007\img47.gif --> www.stcroixtreeservice.com /www img47.gif
2007.04.09 10:30 B R:\Sabrina\Marketing\Web site\web site\2007\img48.gif --> www.stcroixtreeservice.com /www img48.gif
2007.04.09 10:31 B R:\Sabrina\Marketing\Web site\web site\2007\img49.gif --> www.stcroixtreeservice.com /www img49.gif
2007.04.09 10:31 B R:\Sabrina\Marketing\Web site\web site\2007\img5.gif --> www.stcroixtreeservice.com /www img5.gif
2007.04.09 10:31 B R:\Sabrina\Marketing\Web site\web site\2007\img50.gif --> www.stcroixtreeservice.com /www img50.gif
2007.04.09 10:31 B R:\Sabrina\Marketing\Web site\web site\2007\img51.gif --> www.stcroixtreeservice.com /www img51.gif
2007.04.09 10:31 B R:\Sabrina\Marketing\Web site\web site\2007\img52.gif --> www.stcroixtreeservice.com /www img52.gif
2007.04.09 10:31 B R:\Sabrina\Marketing\Web site\web site\2007\img53.gif --> www.stcroixtreeservice.com /www img53.gif
2007.04.09 10:31 B R:\Sabrina\Marketing\Web site\web site\2007\img54.gif --> www.stcroixtreeservice.com /www img54.gif
2007.04.09 10:31 B R:\Sabrina\Marketing\Web site\web site\2007\img55.gif --> www.stcroixtreeservice.com /www img55.gif
2007.04.09 10:31 B R:\Sabrina\Marketing\Web site\web site\2007\img56.gif --> www.stcroixtreeservice.com /www img56.gif
2007.04.09 10:31 B R:\Sabrina\Marketing\Web site\web site\2007\img57.gif --> www.stcroixtreeservice.com /www img57.gif
2007.04.09 10:31 B R:\Sabrina\Marketing\Web site\web site\2007\img6.gif --> www.stcroixtreeservice.com /www img6.gif
2007.04.09 10:31 B R:\Sabrina\Marketing\Web site\web site\2007\img7.gif --> www.stcroixtreeservice.com /www img7.gif
2007.04.09 10:31 B R:\Sabrina\Marketing\Web site\web site\2007\img8.gif --> www.stcroixtreeservice.com /www img8.gif
2007.04.09 10:31 B R:\Sabrina\Marketing\Web site\web site\2007\img9.gif --> www.stcroixtreeservice.com /www img9.gif
2007.04.09 10:31 B R:\Sabrina\Marketing\Web site\web site\2007\index.html --> www.stcroixtreeservice.com /www index.html
2007.04.09 10:31 B R:\Sabrina\Marketing\Web site\web site\2007\on site transplanting.doc --> www.stcroixtreeservice.com /www on site transplanting.doc
2007.04.09 10:31 B R:\Sabrina\Marketing\Web site\web site\2007\page10.html --> www.stcroixtreeservice.com /www page10.html
2007.04.09 10:31 B R:\Sabrina\Marketing\Web site\web site\2007\page11.html --> www.stcroixtreeservice.com /www page11.html
2007.04.09 10:31 B R:\Sabrina\Marketing\Web site\web site\2007\page12.html --> www.stcroixtreeservice.com /www page12.html
2007.04.09 10:31 B R:\Sabrina\Marketing\Web site\web site\2007\page13.html --> www.stcroixtreeservice.com /www page13.html
2007.04.09 10:31 B R:\Sabrina\Marketing\Web site\web site\2007\page14.html --> www.stcroixtreeservice.com /www page14.html
2007.04.09 10:31 B R:\Sabrina\Marketing\Web site\web site\2007\page15.html --> www.stcroixtreeservice.com /www page15.html
2007.04.09 10:31 B R:\Sabrina\Marketing\Web site\web site\2007\page16.html --> www.stcroixtreeservice.com /www page16.html
2007.04.09 10:31 B R:\Sabrina\Marketing\Web site\web site\2007\page17.html --> www.stcroixtreeservice.com /www page17.html
2007.04.09 10:31 B R:\Sabrina\Marketing\Web site\web site\2007\page18.html --> www.stcroixtreeservice.com /www page18.html
2007.04.09 10:31 B R:\Sabrina\Marketing\Web site\web site\2007\page19.html --> www.stcroixtreeservice.com /www page19.html
2007.04.09 10:31 B R:\Sabrina\Marketing\Web site\web site\2007\page2.html --> www.stcroixtreeservice.com /www page2.html
2007.04.09 10:31 B R:\Sabrina\Marketing\Web site\web site\2007\page3.html --> www.stcroixtreeservice.com /www page3.html
2007.04.09 10:31 B R:\Sabrina\Marketing\Web site\web site\2007\page4.html --> www.stcroixtreeservice.com /www page4.html
2007.04.09 10:31 B R:\Sabrina\Marketing\Web site\web site\2007\page5.html --> www.stcroixtreeservice.com /www page5.html
2007.04.09 10:31 B R:\Sabrina\Marketing\Web site\web site\2007\page6.html --> www.stcroixtreeservice.com /www page6.html
2007.04.09 10:31 B R:\Sabrina\Marketing\Web site\web site\2007\page7.html --> www.stcroixtreeservice.com /www page7.html
2007.04.09 10:31 B R:\Sabrina\Marketing\Web site\web site\2007\page8.html --> www.stcroixtreeservice.com /www page8.html
2007.04.09 10:31 B R:\Sabrina\Marketing\Web site\web site\2007\page9.html --> www.stcroixtreeservice.com /www page9.html
2007.04.09 10:31 B R:\Sabrina\Marketing\Web site\web site\2007\Thumbs.db --> www.stcroixtreeservice.com /www Thumbs.db
2007.04.09 10:32 B R:\Sabrina\Marketing\Web site\web site\2007\tree spade planting 2007.doc --> www.stcroixtreeservice.com /www tree spade planting 2007.doc
2007.04.09 10:32 B R:\Sabrina\Marketing\Web site\web site\2007\WS_FTP.LOG --> www.stcroixtreeservice.com /www WS_FTP.LOG
2007.04.09 10:47 B R:\Sabrina\Marketing\Web site\web site\2007\application.pdf --> www.stcroixtreeservice.com /www application.pdf
2007.04.09 10:48 B R:\Sabrina\Marketing\Web site\web site\2007\B&B tree planting 2007.doc --> www.stcroixtreeservice.com /www B&B tree planting 2007.doc
2007.04.09 10:48 B R:\Sabrina\Marketing\Web site\web site\2007\back.gif --> www.stcroixtreeservice.com /www back.gif
2007.04.09 10:48 B R:\Sabrina\Marketing\Web site\web site\2007\blnk.gif --> www.stcroixtreeservice.com /www blnk.gif
2007.04.09 10:48 B R:\Sabrina\Marketing\Web site\web site\2007\CONTAINER TREE PLANTING 2007.doc --> www.stcroixtreeservice.com /www CONTAINER TREE PLANTING 2007.doc
2007.04.09 10:48 B R:\Sabrina\Marketing\Web site\web site\2007\img0.gif --> www.stcroixtreeservice.com /www img0.gif
2007.04.09 10:48 B R:\Sabrina\Marketing\Web site\web site\2007\img1.gif --> www.stcroixtreeservice.com /www img1.gif
2007.04.09 10:48 B R:\Sabrina\Marketing\Web site\web site\2007\img10.gif --> www.stcroixtreeservice.com /www img10.gif
2007.04.09 10:48 B R:\Sabrina\Marketing\Web site\web site\2007\img11.gif --> www.stcroixtreeservice.com /www img11.gif
2007.04.09 10:48 B R:\Sabrina\Marketing\Web site\web site\2007\img12.gif --> www.stcroixtreeservice.com /www img12.gif
2007.04.09 10:48 B R:\Sabrina\Marketing\Web site\web site\2007\img13.gif --> www.stcroixtreeservice.com /www img13.gif
2007.04.09 10:48 B R:\Sabrina\Marketing\Web site\web site\2007\img14.gif --> www.stcroixtreeservice.com /www img14.gif
2007.04.09 10:48 B R:\Sabrina\Marketing\Web site\web site\2007\img15.gif --> www.stcroixtreeservice.com /www img15.gif
2007.04.09 10:48 B R:\Sabrina\Marketing\Web site\web site\2007\img16.gif --> www.stcroixtreeservice.com /www img16.gif
2007.04.09 10:48 B R:\Sabrina\Marketing\Web site\web site\2007\img17.gif --> www.stcroixtreeservice.com /www img17.gif
2007.04.09 10:48 B R:\Sabrina\Marketing\Web site\web site\2007\img18.gif --> www.stcroixtreeservice.com /www img18.gif
2007.04.09 10:48 B R:\Sabrina\Marketing\Web site\web site\2007\img19.gif --> www.stcroixtreeservice.com /www img19.gif
2007.04.09 10:48 B R:\Sabrina\Marketing\Web site\web site\2007\img2.gif --> www.stcroixtreeservice.com /www img2.gif
2007.04.09 10:48 B R:\Sabrina\Marketing\Web site\web site\2007\img20.gif --> www.stcroixtreeservice.com /www img20.gif
2007.04.09 10:48 B R:\Sabrina\Marketing\Web site\web site\2007\img21.gif --> www.stcroixtreeservice.com /www img21.gif
2007.04.09 10:48 B R:\Sabrina\Marketing\Web site\web site\2007\img22.gif --> www.stcroixtreeservice.com /www img22.gif
2007.04.09 10:48 B R:\Sabrina\Marketing\Web site\web site\2007\img23.gif --> www.stcroixtreeservice.com /www img23.gif
2007.04.09 10:48 B R:\Sabrina\Marketing\Web site\web site\2007\img24.gif --> www.stcroixtreeservice.com /www img24.gif
2007.04.09 10:48 B R:\Sabrina\Marketing\Web site\web site\2007\img25.gif --> www.stcroixtreeservice.com /www img25.gif
2007.04.09 10:48 B R:\Sabrina\Marketing\Web site\web site\2007\img26.gif --> www.stcroixtreeservice.com /www img26.gif
2007.04.09 10:48 B R:\Sabrina\Marketing\Web site\web site\2007\img27.gif --> www.stcroixtreeservice.com /www img27.gif
2007.04.09 10:48 B R:\Sabrina\Marketing\Web site\web site\2007\img28.gif --> www.stcroixtreeservice.com /www img28.gif
2007.04.09 10:48 B R:\Sabrina\Marketing\Web site\web site\2007\img29.gif --> www.stcroixtreeservice.com /www img29.gif
2007.04.09 10:48 B R:\Sabrina\Marketing\Web site\web site\2007\img3.gif --> www.stcroixtreeservice.com /www img3.gif
2007.04.09 10:48 B R:\Sabrina\Marketing\Web site\web site\2007\img30.gif --> www.stcroixtreeservice.com /www img30.gif
2007.04.09 10:48 B R:\Sabrina\Marketing\Web site\web site\2007\img31.gif --> www.stcroixtreeservice.com /www img31.gif
2007.04.09 10:48 B R:\Sabrina\Marketing\Web site\web site\2007\img32.gif --> www.stcroixtreeservice.com /www img32.gif
2007.04.09 10:48 B R:\Sabrina\Marketing\Web site\web site\2007\img33.gif --> www.stcroixtreeservice.com /www img33.gif
2007.04.09 10:49 B R:\Sabrina\Marketing\Web site\web site\2007\img34.gif --> www.stcroixtreeservice.com /www img34.gif
2007.04.09 10:49 B R:\Sabrina\Marketing\Web site\web site\2007\img35.gif --> www.stcroixtreeservice.com /www img35.gif
2007.04.09 10:49 B R:\Sabrina\Marketing\Web site\web site\2007\img36.gif --> www.stcroixtreeservice.com /www img36.gif
2007.04.09 10:49 B R:\Sabrina\Marketing\Web site\web site\2007\img37.gif --> www.stcroixtreeservice.com /www img37.gif
2007.04.09 10:49 B R:\Sabrina\Marketing\Web site\web site\2007\img38.gif --> www.stcroixtreeservice.com /www img38.gif
2007.04.09 10:49 B R:\Sabrina\Marketing\Web site\web site\2007\img39.gif --> www.stcroixtreeservice.com /www img39.gif
2007.04.09 10:49 B R:\Sabrina\Marketing\Web site\web site\2007\img4.gif --> www.stcroixtreeservice.com /www img4.gif
2007.04.09 10:49 B R:\Sabrina\Marketing\Web site\web site\2007\img40.gif --> www.stcroixtreeservice.com /www img40.gif
2007.04.09 10:49 B R:\Sabrina\Marketing\Web site\web site\2007\img41.gif --> www.stcroixtreeservice.com /www img41.gif
2007.04.09 10:49 B R:\Sabrina\Marketing\Web site\web site\2007\img42.gif --> www.stcroixtreeservice.com /www img42.gif
2007.04.09 10:49 B R:\Sabrina\Marketing\Web site\web site\2007\img43.gif --> www.stcroixtreeservice.com /www img43.gif
2007.04.09 10:49 B R:\Sabrina\Marketing\Web site\web site\2007\img44.gif --> www.stcroixtreeservice.com /www img44.gif
2007.04.09 10:49 B R:\Sabrina\Marketing\Web site\web site\2007\img45.gif --> www.stcroixtreeservice.com /www img45.gif
2007.04.09 10:49 B R:\Sabrina\Marketing\Web site\web site\2007\img46.gif --> www.stcroixtreeservice.com /www img46.gif
2007.04.09 10:49 B R:\Sabrina\Marketing\Web site\web site\2007\img47.gif --> www.stcroixtreeservice.com /www img47.gif
2007.04.09 10:49 B R:\Sabrina\Marketing\Web site\web site\2007\img48.gif --> www.stcroixtreeservice.com /www img48.gif
2007.04.09 10:49 B R:\Sabrina\Marketing\Web site\web site\2007\img49.gif --> www.stcroixtreeservice.com /www img49.gif
2007.04.09 10:49 B R:\Sabrina\Marketing\Web site\web site\2007\img5.gif --> www.stcroixtreeservice.com /www img5.gif
2007.04.09 10:49 B R:\Sabrina\Marketing\Web site\web site\2007\img50.gif --> www.stcroixtreeservice.com /www img50.gif
2007.04.09 10:49 B R:\Sabrina\Marketing\Web site\web site\2007\img51.gif --> www.stcroixtreeservice.com /www img51.gif
2007.04.09 10:49 B R:\Sabrina\Marketing\Web site\web site\2007\img52.gif --> www.stcroixtreeservice.com /www img52.gif
2007.04.09 10:49 B R:\Sabrina\Marketing\Web site\web site\2007\img53.gif --> www.stcroixtreeservice.com /www img53.gif
2007.04.09 10:49 B R:\Sabrina\Marketing\Web site\web site\2007\img54.gif --> www.stcroixtreeservice.com /www img54.gif
2007.04.09 10:49 B R:\Sabrina\Marketing\Web site\web site\2007\img55.gif --> www.stcroixtreeservice.com /www img55.gif
2007.04.09 10:49 B R:\Sabrina\Marketing\Web site\web site\2007\img56.gif --> www.stcroixtreeservice.com /www img56.gif
2007.04.09 10:49 B R:\Sabrina\Marketing\Web site\web site\2007\img57.gif --> www.stcroixtreeservice.com /www img57.gif
2007.04.09 10:49 B R:\Sabrina\Marketing\Web site\web site\2007\img6.gif --> www.stcroixtreeservice.com /www img6.gif
2007.04.09 10:49 B R:\Sabrina\Marketing\Web site\web site\2007\img7.gif --> www.stcroixtreeservice.com /www img7.gif
2007.04.09 10:49 B R:\Sabrina\Marketing\Web site\web site\2007\img8.gif --> www.stcroixtreeservice.com /www img8.gif
2007.04.09 10:49 B R:\Sabrina\Marketing\Web site\web site\2007\img9.gif --> www.stcroixtreeservice.com /www img9.gif
2007.04.09 10:49 B R:\Sabrina\Marketing\Web site\web site\2007\index.html --> www.stcroixtreeservice.com /www index.html
2007.04.09 10:49 B R:\Sabrina\Marketing\Web site\web site\2007\on site transplanting.doc --> www.stcroixtreeservice.com /www on site transplanting.doc
2007.04.09 10:49 B R:\Sabrina\Marketing\Web site\web site\2007\page10.html --> www.stcroixtreeservice.com /www page10.html
2007.04.09 10:49 B R:\Sabrina\Marketing\Web site\web site\2007\page11.html --> www.stcroixtreeservice.com /www page11.html
2007.04.09 10:49 B R:\Sabrina\Marketing\Web site\web site\2007\page12.html --> www.stcroixtreeservice.com /www page12.html
2007.04.09 10:49 B R:\Sabrina\Marketing\Web site\web site\2007\page13.html --> www.stcroixtreeservice.com /www page13.html
2007.04.09 10:49 B R:\Sabrina\Marketing\Web site\web site\2007\page14.html --> www.stcroixtreeservice.com /www page14.html
2007.04.09 10:49 B R:\Sabrina\Marketing\Web site\web site\2007\page15.html --> www.stcroixtreeservice.com /www page15.html
2007.04.09 10:49 B R:\Sabrina\Marketing\Web site\web site\2007\page16.html --> www.stcroixtreeservice.com /www page16.html
2007.04.09 10:49 B R:\Sabrina\Marketing\Web site\web site\2007\page17.html --> www.stcroixtreeservice.com /www page17.html
2007.04.09 10:49 B R:\Sabrina\Marketing\Web site\web site\2007\page18.html --> www.stcroixtreeservice.com /www page18.html
2007.04.09 10:49 B R:\Sabrina\Marketing\Web site\web site\2007\page19.html --> www.stcroixtreeservice.com /www page19.html
2007.04.09 10:49 B R:\Sabrina\Marketing\Web site\web site\2007\page2.html --> www.stcroixtreeservice.com /www page2.html
2007.04.09 10:49 B R:\Sabrina\Marketing\Web site\web site\2007\page3.html --> www.stcroixtreeservice.com /www page3.html
2007.04.09 10:49 B R:\Sabrina\Marketing\Web site\web site\2007\page4.html --> www.stcroixtreeservice.com /www page4.html
2007.04.09 10:49 B R:\Sabrina\Marketing\Web site\web site\2007\page5.html --> www.stcroixtreeservice.com /www page5.html
2007.04.09 10:49 B R:\Sabrina\Marketing\Web site\web site\2007\page6.html --> www.stcroixtreeservice.com /www page6.html
2007.04.09 10:49 B R:\Sabrina\Marketing\Web site\web site\2007\page7.html --> www.stcroixtreeservice.com /www page7.html
2007.04.09 10:49 B R:\Sabrina\Marketing\Web site\web site\2007\page8.html --> www.stcroixtreeservice.com /www page8.html
2007.04.09 10:49 B R:\Sabrina\Marketing\Web site\web site\2007\page9.html --> www.stcroixtreeservice.com /www page9.html
2007.04.09 10:49 B R:\Sabrina\Marketing\Web site\web site\2007\Thumbs.db --> www.stcroixtreeservice.com /www Thumbs.db
2007.04.09 10:50 B R:\Sabrina\Marketing\Web site\web site\2007\tree spade planting 2007.doc --> www.stcroixtreeservice.com /www tree spade planting 2007.doc
