2007.04.04 12:14 B R:\Sabrina\Marketing\Web site\web site\2007\ --> www.stcroixtreeservice.com /www 
2007.04.04 12:14 B R:\Sabrina\Marketing\Web site\web site\2007\R:\Sabrina\Marketing\Web site\web site\2007 --> www.stcroixtreeservice.com /www 2007
2007.04.04 12:22 B R:\Sabrina\Marketing\Web site\web site\2007\2007 web site --> www.stcroixtreeservice.com /www 2007 web site
2007.04.04 12:24 B R:\Sabrina\Marketing\Web site\web site\2007\2007 web site.pub <-- www.stcroixtreeservice.com /www 2007 web site.pub
2007.04.04 12:29 B R:\Sabrina\Marketing\Web site\web site\2007\application.pdf --> www.stcroixtreeservice.com /www/2007 application.pdf
2007.04.04 12:29 B R:\Sabrina\Marketing\Web site\web site\2007\B&B tree planting 2007.doc --> www.stcroixtreeservice.com /www/2007 B&B tree planting 2007.doc
2007.04.04 12:29 B R:\Sabrina\Marketing\Web site\web site\2007\back.gif --> www.stcroixtreeservice.com /www/2007 back.gif
2007.04.04 12:29 B R:\Sabrina\Marketing\Web site\web site\2007\blnk.gif --> www.stcroixtreeservice.com /www/2007 blnk.gif
2007.04.04 12:29 B R:\Sabrina\Marketing\Web site\web site\2007\CONTAINER TREE PLANTING 2007.doc --> www.stcroixtreeservice.com /www/2007 CONTAINER TREE PLANTING 2007.doc
2007.04.04 12:29 B R:\Sabrina\Marketing\Web site\web site\2007\img0.gif --> www.stcroixtreeservice.com /www/2007 img0.gif
2007.04.04 12:29 B R:\Sabrina\Marketing\Web site\web site\2007\img1.gif --> www.stcroixtreeservice.com /www/2007 img1.gif
2007.04.04 12:29 B R:\Sabrina\Marketing\Web site\web site\2007\img10.gif --> www.stcroixtreeservice.com /www/2007 img10.gif
2007.04.04 12:29 B R:\Sabrina\Marketing\Web site\web site\2007\img11.gif --> www.stcroixtreeservice.com /www/2007 img11.gif
2007.04.04 12:29 B R:\Sabrina\Marketing\Web site\web site\2007\img12.gif --> www.stcroixtreeservice.com /www/2007 img12.gif
2007.04.04 12:29 B R:\Sabrina\Marketing\Web site\web site\2007\img13.gif --> www.stcroixtreeservice.com /www/2007 img13.gif
2007.04.04 12:29 B R:\Sabrina\Marketing\Web site\web site\2007\img14.gif --> www.stcroixtreeservice.com /www/2007 img14.gif
2007.04.04 12:29 B R:\Sabrina\Marketing\Web site\web site\2007\img15.gif --> www.stcroixtreeservice.com /www/2007 img15.gif
2007.04.04 12:29 B R:\Sabrina\Marketing\Web site\web site\2007\img16.gif --> www.stcroixtreeservice.com /www/2007 img16.gif
2007.04.04 12:29 B R:\Sabrina\Marketing\Web site\web site\2007\img17.gif --> www.stcroixtreeservice.com /www/2007 img17.gif
2007.04.04 12:29 B R:\Sabrina\Marketing\Web site\web site\2007\img18.gif --> www.stcroixtreeservice.com /www/2007 img18.gif
2007.04.04 12:29 B R:\Sabrina\Marketing\Web site\web site\2007\img19.gif --> www.stcroixtreeservice.com /www/2007 img19.gif
2007.04.04 12:29 B R:\Sabrina\Marketing\Web site\web site\2007\img2.gif --> www.stcroixtreeservice.com /www/2007 img2.gif
2007.04.04 12:29 B R:\Sabrina\Marketing\Web site\web site\2007\img20.gif --> www.stcroixtreeservice.com /www/2007 img20.gif
2007.04.04 12:29 B R:\Sabrina\Marketing\Web site\web site\2007\img21.gif --> www.stcroixtreeservice.com /www/2007 img21.gif
2007.04.04 12:29 B R:\Sabrina\Marketing\Web site\web site\2007\img22.gif --> www.stcroixtreeservice.com /www/2007 img22.gif
2007.04.04 12:29 B R:\Sabrina\Marketing\Web site\web site\2007\img23.gif --> www.stcroixtreeservice.com /www/2007 img23.gif
2007.04.04 12:29 B R:\Sabrina\Marketing\Web site\web site\2007\img24.gif --> www.stcroixtreeservice.com /www/2007 img24.gif
2007.04.04 12:29 B R:\Sabrina\Marketing\Web site\web site\2007\img25.gif --> www.stcroixtreeservice.com /www/2007 img25.gif
2007.04.04 12:29 B R:\Sabrina\Marketing\Web site\web site\2007\img26.gif --> www.stcroixtreeservice.com /www/2007 img26.gif
2007.04.04 12:29 B R:\Sabrina\Marketing\Web site\web site\2007\img27.gif --> www.stcroixtreeservice.com /www/2007 img27.gif
2007.04.04 12:29 B R:\Sabrina\Marketing\Web site\web site\2007\img28.gif --> www.stcroixtreeservice.com /www/2007 img28.gif
2007.04.04 12:29 B R:\Sabrina\Marketing\Web site\web site\2007\img29.gif --> www.stcroixtreeservice.com /www/2007 img29.gif
2007.04.04 12:29 B R:\Sabrina\Marketing\Web site\web site\2007\img3.gif --> www.stcroixtreeservice.com /www/2007 img3.gif
2007.04.04 12:29 B R:\Sabrina\Marketing\Web site\web site\2007\img30.gif --> www.stcroixtreeservice.com /www/2007 img30.gif
2007.04.04 12:29 B R:\Sabrina\Marketing\Web site\web site\2007\img31.gif --> www.stcroixtreeservice.com /www/2007 img31.gif
2007.04.04 12:29 B R:\Sabrina\Marketing\Web site\web site\2007\img32.gif --> www.stcroixtreeservice.com /www/2007 img32.gif
2007.04.04 12:29 B R:\Sabrina\Marketing\Web site\web site\2007\img33.gif --> www.stcroixtreeservice.com /www/2007 img33.gif
2007.04.04 12:29 B R:\Sabrina\Marketing\Web site\web site\2007\img34.gif --> www.stcroixtreeservice.com /www/2007 img34.gif
2007.04.04 12:29 B R:\Sabrina\Marketing\Web site\web site\2007\img35.gif --> www.stcroixtreeservice.com /www/2007 img35.gif
2007.04.04 12:29 B R:\Sabrina\Marketing\Web site\web site\2007\img36.gif --> www.stcroixtreeservice.com /www/2007 img36.gif
2007.04.04 12:29 B R:\Sabrina\Marketing\Web site\web site\2007\img37.gif --> www.stcroixtreeservice.com /www/2007 img37.gif
2007.04.04 12:29 B R:\Sabrina\Marketing\Web site\web site\2007\img38.gif --> www.stcroixtreeservice.com /www/2007 img38.gif
2007.04.04 12:29 B R:\Sabrina\Marketing\Web site\web site\2007\img39.gif --> www.stcroixtreeservice.com /www/2007 img39.gif
2007.04.04 12:29 B R:\Sabrina\Marketing\Web site\web site\2007\img4.gif --> www.stcroixtreeservice.com /www/2007 img4.gif
2007.04.04 12:29 B R:\Sabrina\Marketing\Web site\web site\2007\img40.gif --> www.stcroixtreeservice.com /www/2007 img40.gif
2007.04.04 12:29 B R:\Sabrina\Marketing\Web site\web site\2007\img41.gif --> www.stcroixtreeservice.com /www/2007 img41.gif
2007.04.04 12:29 B R:\Sabrina\Marketing\Web site\web site\2007\img42.gif --> www.stcroixtreeservice.com /www/2007 img42.gif
2007.04.04 12:29 B R:\Sabrina\Marketing\Web site\web site\2007\img43.gif --> www.stcroixtreeservice.com /www/2007 img43.gif
2007.04.04 12:29 B R:\Sabrina\Marketing\Web site\web site\2007\img44.gif --> www.stcroixtreeservice.com /www/2007 img44.gif
2007.04.04 12:29 B R:\Sabrina\Marketing\Web site\web site\2007\img45.gif --> www.stcroixtreeservice.com /www/2007 img45.gif
2007.04.04 12:29 B R:\Sabrina\Marketing\Web site\web site\2007\img46.gif --> www.stcroixtreeservice.com /www/2007 img46.gif
2007.04.04 12:29 B R:\Sabrina\Marketing\Web site\web site\2007\img47.gif --> www.stcroixtreeservice.com /www/2007 img47.gif
2007.04.04 12:29 B R:\Sabrina\Marketing\Web site\web site\2007\img48.gif --> www.stcroixtreeservice.com /www/2007 img48.gif
2007.04.04 12:29 B R:\Sabrina\Marketing\Web site\web site\2007\img49.gif --> www.stcroixtreeservice.com /www/2007 img49.gif
2007.04.04 12:29 B R:\Sabrina\Marketing\Web site\web site\2007\img5.gif --> www.stcroixtreeservice.com /www/2007 img5.gif
2007.04.04 12:29 B R:\Sabrina\Marketing\Web site\web site\2007\img6.gif --> www.stcroixtreeservice.com /www/2007 img6.gif
2007.04.04 12:29 B R:\Sabrina\Marketing\Web site\web site\2007\img7.gif --> www.stcroixtreeservice.com /www/2007 img7.gif
2007.04.04 12:29 B R:\Sabrina\Marketing\Web site\web site\2007\img8.gif --> www.stcroixtreeservice.com /www/2007 img8.gif
2007.04.04 12:29 B R:\Sabrina\Marketing\Web site\web site\2007\img9.gif --> www.stcroixtreeservice.com /www/2007 img9.gif
2007.04.04 12:29 B R:\Sabrina\Marketing\Web site\web site\2007\index.html --> www.stcroixtreeservice.com /www/2007 index.html
2007.04.04 12:29 B R:\Sabrina\Marketing\Web site\web site\2007\on site transplanting.doc --> www.stcroixtreeservice.com /www/2007 on site transplanting.doc
2007.04.04 12:29 B R:\Sabrina\Marketing\Web site\web site\2007\page10.html --> www.stcroixtreeservice.com /www/2007 page10.html
2007.04.04 12:29 B R:\Sabrina\Marketing\Web site\web site\2007\page11.html --> www.stcroixtreeservice.com /www/2007 page11.html
2007.04.04 12:29 B R:\Sabrina\Marketing\Web site\web site\2007\page12.html --> www.stcroixtreeservice.com /www/2007 page12.html
2007.04.04 12:29 B R:\Sabrina\Marketing\Web site\web site\2007\page13.html --> www.stcroixtreeservice.com /www/2007 page13.html
2007.04.04 12:29 B R:\Sabrina\Marketing\Web site\web site\2007\page2.html --> www.stcroixtreeservice.com /www/2007 page2.html
2007.04.04 12:29 B R:\Sabrina\Marketing\Web site\web site\2007\page3.html --> www.stcroixtreeservice.com /www/2007 page3.html
2007.04.04 12:29 B R:\Sabrina\Marketing\Web site\web site\2007\page4.html --> www.stcroixtreeservice.com /www/2007 page4.html
2007.04.04 12:29 B R:\Sabrina\Marketing\Web site\web site\2007\page5.html --> www.stcroixtreeservice.com /www/2007 page5.html
2007.04.04 12:29 B R:\Sabrina\Marketing\Web site\web site\2007\page6.html --> www.stcroixtreeservice.com /www/2007 page6.html
2007.04.04 12:29 B R:\Sabrina\Marketing\Web site\web site\2007\page7.html --> www.stcroixtreeservice.com /www/2007 page7.html
2007.04.04 12:29 B R:\Sabrina\Marketing\Web site\web site\2007\page8.html --> www.stcroixtreeservice.com /www/2007 page8.html
2007.04.04 12:29 B R:\Sabrina\Marketing\Web site\web site\2007\page9.html --> www.stcroixtreeservice.com /www/2007 page9.html
2007.04.04 12:29 B R:\Sabrina\Marketing\Web site\web site\2007\Thumbs.db --> www.stcroixtreeservice.com /www/2007 Thumbs.db
2007.04.04 12:29 B R:\Sabrina\Marketing\Web site\web site\2007\tree spade planting 2007.doc --> www.stcroixtreeservice.com /www/2007 tree spade planting 2007.doc
